nohup: ignoring input
Nodes: 100000 Edges: 1080298
Frequent Labels: {1=0.02359999999999921, 2=0.02842999999999901, 3=0.021709999999999285, 4=0.04583000000000336, 5=0.01768999999999945, 6=0.03067999999999892, 7=0.01770999999999945, 8=0.06925000000000585, 9=0.0262999999999991, 10=0.054950000000006154, 11=0.021469999999999295, 12=0.02525999999999914, 13=0.013039999999999637, 14=0.006379999999999908, 15=0.02800999999999903, 16=0.04475000000000303, 17=0.02210999999999927, 18=0.01742999999999946, 19=0.01076999999999973, 20=0.09089999999999746, 21=0.010169999999999754, 22=0.021039999999999313, 23=0.007019999999999882, 24=0.10841999999999066, 25=0.2025500000000618, 26=0.00831999999999983, 27=0.0077999999999998505, 28=0.010629999999999735, 29=0.007779999999999851}
Created Orbits: 29; TIME ELAPSED: 266
Generated Layer: 1; TIME ELAPSED: 351
CANDS TO EXPLORE: 841 NOT DEAD: 731
Explored Layer: 1; TIME ELAPSED: 108179
Final epsilon for layer 1 is 0.0
Generated Layer: 2; TIME ELAPSED: 110330
CANDS TO EXPLORE: 38712 NOT DEAD: 26288
Explored Layer: 2; TIME ELAPSED: 6012916
Final epsilon for layer 2 is 0.0
Nodes: 100000 Edges: 1080298
Frequent Labels: {1=0.02359999999999921, 2=0.02842999999999901, 3=0.021709999999999285, 4=0.04583000000000336, 5=0.01768999999999945, 6=0.03067999999999892, 7=0.01770999999999945, 8=0.06925000000000585, 9=0.0262999999999991, 10=0.054950000000006154, 11=0.021469999999999295, 12=0.02525999999999914, 13=0.013039999999999637, 14=0.006379999999999908, 15=0.02800999999999903, 16=0.04475000000000303, 17=0.02210999999999927, 18=0.01742999999999946, 19=0.01076999999999973, 20=0.09089999999999746, 21=0.010169999999999754, 22=0.021039999999999313, 23=0.007019999999999882, 24=0.10841999999999066, 25=0.2025500000000618, 26=0.00831999999999983, 27=0.0077999999999998505, 28=0.010629999999999735, 29=0.007779999999999851}
Created Orbits: 29; TIME ELAPSED: 279
Generated Layer: 1; TIME ELAPSED: 361
CANDS TO EXPLORE: 841 NOT DEAD: 475
Explored Layer: 1; TIME ELAPSED: 87538
Final epsilon for layer 1 is 0.0
Generated Layer: 2; TIME ELAPSED: 89021
CANDS TO EXPLORE: 19177